
Applying ATLAS style settings...


Processing runAsymptoticsCLs.C++("MEAS_combined_VH_125_model.root","combined","ModelConfig","asimovData","asimovData_0", "conditionalGlobs_0", "nominalGlobs")...

[1mRooFit v3.60 -- Developed by Wouter Verkerke and David Kirkby[0m 
                Copyright (C) 2000-2013 NIKHEF, University of California & Stanford University
                All rights reserved, please read http://roofit.sourceforge.net/license.txt

Creating asimov data at mu = 0, profiling at mu = 0
------------------------
Getting limit for nll: nll_simPdf_asimovData_0_with_constr
Initial guess:  3.80053
Sigma(obs):     1.93816
Sigma(mu,0):    1.93816
muhat:          0
qmu95:          3.83948
qmu:            0.266208
pmu:            0.302943
1-pb:           0.0742366
CLs:            0.327236

----------------------
Starting iteration 0 of nll_simPdf_asimovData_0_with_constr
NLL:            nll_simPdf_asimovData_0_with_constr
Previous guess: 3.80053
Sigma(obs):     2.18995
Sigma(mu,0):    2.18995
muhat:          0
pmu:            0.0413312
1-pb:           0.5
CLs:            0.0826624
qmu95:          4.27411
qmu:            3.01176
qmuA0:          3.01176
Precision:      0.0214714
Correction:    0.493738
New guess:      4.29427

----------------------
Starting iteration 1 of nll_simPdf_asimovData_0_with_constr
NLL:            nll_simPdf_asimovData_0_with_constr
Previous guess: 4.29427
Sigma(obs):     2.23041
Sigma(mu,0):    2.23041
muhat:          0
pmu:            0.0270939
1-pb:           0.5
CLs:            0.0541878
qmu95:          3.9111
qmu:            3.70691
qmuA0:          3.70691
Precision:      0.021868
Correction:    0.0793282
New guess:      4.3736

----------------------
Starting iteration 2 of nll_simPdf_asimovData_0_with_constr
NLL:            nll_simPdf_asimovData_0_with_constr
Previous guess: 4.3736
Sigma(obs):     2.2368
Sigma(mu,0):    2.2368
muhat:          0
pmu:            0.025274
1-pb:           0.5
CLs:            0.050548
qmu95:          3.85085
qmu:            3.82319
qmuA0:          3.82319
Precision:      0.0219307
Correction:    0.0125305
New guess:      4.38613

Found limit for nll nll_simPdf_asimovData_0_with_constr: 4.38613
Finished in 3 iterations.

------------------------
Getting limit for nll: nll_simPdf_asimovData_0_with_constr
Initial guess:  4.49164
Sigma(obs):     2.24505
Sigma(mu,0):    2.24505
muhat:          0
qmu95:          4.01686
qmu:            3.97594
pmu:            0.0230773
1-pb:           0.497323
CLs:            0.0459089

----------------------
Starting iteration 0 of nll_simPdf_asimovData_0_with_constr
NLL:            nll_simPdf_asimovData_0_with_constr
Previous guess: 4.49164
Sigma(obs):     2.24617
Sigma(mu,0):    2.24617
muhat:          0
pmu:            0.0227668
1-pb:           0.5
CLs:            0.0455336
qmu95:          4.01908
qmu:            3.99877
qmuA0:          3.99877
Precision:      0.0224694
Correction:    0.00223317
New guess:      4.49387

Found limit for nll nll_simPdf_asimovData_0_with_constr: 4.49387
Finished in 1 iterations.


Found N * sigma = 2 * 2.24694
Creating asimov data at mu = 4.49387, profiling at mu = 4.49387
------------------------
Getting limit for nll: nll_simPdf_asimovData_4.4939_with_constr
Initial guess:  8.68668
Sigma(obs):     2.52097
Sigma(mu,0):    2.52097
muhat:          4.49387
qmu95:          2.76627
qmu:            10.6203
pmu:            0.000559269
1-pb:           0.425874
CLs:            0.000974122

----------------------
Starting iteration 0 of nll_simPdf_asimovData_4.4939_with_constr
NLL:            nll_simPdf_asimovData_4.4939_with_constr
Previous guess: 8.68668
Sigma(obs):     2.7654
Sigma(mu,0):    2.55313
muhat:          4.49387
pmu:            0.0647386
1-pb:           0.0296339
CLs:            0.0667156
qmu95:          2.77265
qmu:            2.29876
qmuA0:          11.5761
Precision:      0.0454164
Correction:    0.396599
New guess:      9.08328

----------------------
Starting iteration 1 of nll_simPdf_asimovData_4.4939_with_constr
NLL:            nll_simPdf_asimovData_4.4939_with_constr
Previous guess: 9.08328
Sigma(obs):     2.79164
Sigma(mu,0):    2.57984
muhat:          4.49387
pmu:            0.0500901
1-pb:           0.0302671
CLs:            0.0516535
qmu95:          2.75646
qmu:            2.70267
qmuA0:          12.3965
Precision:      0.0456441
Correction:    0.0455498
New guess:      9.12883

Found limit for nll nll_simPdf_asimovData_4.4939_with_constr: 9.12883
Finished in 2 iterations.

------------------------
Getting limit for nll: nll_simPdf_asimovData_0_with_constr
Initial guess:  2.05446
Sigma(obs):     2.05399
Sigma(mu,0):    2.05399
muhat:          0
qmu95:          1
qmu:            1.1875
pmu:            0.137037
1-pb:           0.537248
CLs:            0.296135

----------------------
Starting iteration 0 of nll_simPdf_asimovData_0_with_constr
NLL:            nll_simPdf_asimovData_0_with_constr
Previous guess: 2.05446
Sigma(obs):     2.03735
Sigma(mu,0):    2.03735
muhat:          0
pmu:            0.156631
1-pb:           0.5
CLs:            0.313263
qmu95:          0.982
qmu:            1.01687
qmuA0:          1.01687
Precision:      0.010189
Correction:     -0.0166512
New guess:      2.03781

----------------------
Starting iteration 1 of nll_simPdf_asimovData_0_with_constr
NLL:            nll_simPdf_asimovData_0_with_constr
Previous guess: 2.03781
Sigma(obs):     2.03635
Sigma(mu,0):    2.03635
muhat:          0
pmu:            0.158482
1-pb:           0.5
CLs:            0.316964
qmu95:          0.999
qmu:            1.00143
qmuA0:          1.00143
Precision:      0.010184
Correction:     -0.000999324
New guess:      2.03681

Found limit for nll nll_simPdf_asimovData_0_with_constr: 2.03681
Finished in 2 iterations.


Found N * sigma = 1 * 2.03681
Creating asimov data at mu = 2.03681, profiling at mu = 2.03681
------------------------
Getting limit for nll: nll_simPdf_asimovData_2.0368_with_constr
Initial guess:  6.10466
Sigma(obs):     2.32896
Sigma(mu,0):    2.32896
muhat:          2.03681
qmu95:          3.04726
qmu:            5.68631
pmu:            0.0085489
1-pb:           0.406483
CLs:            0.0144038

----------------------
Starting iteration 0 of nll_simPdf_asimovData_2.0368_with_constr
NLL:            nll_simPdf_asimovData_2.0368_with_constr
Previous guess: 6.10466
Sigma(obs):     2.46209
Sigma(mu,0):    2.37034
muhat:          2.03681
pmu:            0.0492473
1-pb:           0.177941
CLs:            0.0599073
qmu95:          3.07864
qmu:            2.72975
qmuA0:          6.63286
Precision:      0.0315661
Correction:    0.208548
New guess:      6.31321

----------------------
Starting iteration 1 of nll_simPdf_asimovData_2.0368_with_constr
NLL:            nll_simPdf_asimovData_2.0368_with_constr
Previous guess: 6.31321
Sigma(obs):     2.47727
Sigma(mu,0):    2.38576
muhat:          2.03681
pmu:            0.0421504
1-pb:           0.178802
CLs:            0.0513279
qmu95:          3.03119
qmu:            2.97997
qmuA0:          7.00238
Precision:      0.031733
Correction:    0.033398
New guess:      6.34661

----------------------
Starting iteration 2 of nll_simPdf_asimovData_2.0368_with_constr
NLL:            nll_simPdf_asimovData_2.0368_with_constr
Previous guess: 6.34661
Sigma(obs):     2.47968
Sigma(mu,0):    2.38822
muhat:          2.03681
pmu:            0.0411012
1-pb:           0.178939
CLs:            0.0500587
qmu95:          3.01759
qmu:            3.02081
qmuA0:          7.06211
Precision:      0.0317559
Correction:    0.00457624
New guess:      6.35119

Found limit for nll nll_simPdf_asimovData_2.0368_with_constr: 6.35119
Finished in 3 iterations.

Guess for bands
+2sigma:  8.18315
+1sigma:  6.10423
-1sigma:  3.16045
-2sigma:  2.35415

Correct bands
+2sigma:  9.12883
+1sigma:  6.35119
-1sigma:  3.16045
-2sigma:  2.35415
Median:   4.38613
Observed: 0

Finished with 21 calls to minimize(nll)
Real time 0:00:00, CP time 0.610
